<?xml version="1.0" encoding="UTF-8"?>
<testng-results ignored="0" total="1" passed="1" failed="0" skipped="0">
  <reporter-output>
  </reporter-output>
  <suite started-at="2022-03-12T15:07:34 PST" name="Default suite" finished-at="2022-03-12T15:07:49 PST" duration-ms="15477">
    <groups>
    </groups>
    <test started-at="2022-03-12T15:07:34 PST" name="Default test" finished-at="2022-03-12T15:07:49 PST" duration-ms="15477">
      <class name="Tests.HomePageTests">
        <test-method is-config="true" signature="setUp()[pri:0, instance:Tests.HomePageTests@70e8f8e]" started-at="2022-03-12T15:07:34 PST" name="setUp" finished-at="2022-03-12T15:07:39 PST" duration-ms="4635" status="PASS">
          <reporter-output>
          </reporter-output>
        </test-method> <!-- setUp -->
        <test-method signature="selectTravel()[pri:0, instance:Tests.HomePageTests@70e8f8e]" started-at="2022-03-12T15:07:39 PST" name="selectTravel" finished-at="2022-03-12T15:07:49 PST" duration-ms="10657" status="PASS">
          <reporter-output>
          </reporter-output>
        </test-method> <!-- selectTravel -->
        <test-method is-config="true" signature="tearDown()[pri:0, instance:Tests.HomePageTests@70e8f8e]" started-at="2022-03-12T15:07:49 PST" name="tearDown" finished-at="2022-03-12T15:07:49 PST" duration-ms="162" status="PASS">
          <reporter-output>
          </reporter-output>
        </test-method> <!-- tearDown -->
      </class> <!-- Tests.HomePageTests -->
    </test> <!-- Default test -->
  </suite> <!-- Default suite -->
</testng-results>
